info it worked if it ends with ok
verbose cli [ 'node', '/usr/local/bin/npm', 'version', 'bigint' ]
info using npm@1.0.104
info using node@v0.6.0
verbose config file /home/arian/.npmrc
verbose config file /usr/local/etc/npmrc
verbose config file /usr/local/lib/node_modules/npm/npmrc
ERR! No package.json found
ERR! Error: ENOENT, No such file or directory '/home/arian/Projects/RuneSauce/lib/package.json'
ERR! Report this *entire* log at:
ERR!     <http://github.com/isaacs/npm/issues>
ERR! or email it to:
ERR!     <npm-@googlegroups.com>
ERR! 
ERR! System Linux 3.0.0-14-generic
ERR! command "node" "/usr/local/bin/npm" "version" "bigint"
ERR! cwd /home/arian/Projects/RuneSauce/lib
ERR! node -v v0.6.0
ERR! npm -v 1.0.104
ERR! path /home/arian/Projects/RuneSauce/lib/package.json
ERR! code ENOENT
verbose exit [ 1, true ]
